#
# There is insufficient memory for the Java Runtime Environment to continue.
# Native memory allocation (mmap) failed to map 134217728 bytes for G1 virtual space
# Possible reasons:
#   The system is out of physical RAM or swap space
#   The process is running with CompressedOops enabled, and the Java Heap may be blocking the growth of the native heap
# Possible solutions:
#   Reduce memory load on the system
#   Increase physical memory or swap space
#   Check if swap backing store is full
#   Decrease Java heap size (-Xmx/-Xms)
#   Decrease number of Java threads
#   Decrease Java thread stack sizes (-Xss)
#   Set larger code cache with -XX:ReservedCodeCacheSize=
#   JVM is running with Unscaled Compressed Oops mode in which the Java heap is
#     placed in the first 4GB address space. The Java Heap base address is the
#     maximum limit for the native heap growth. Please use -XX:HeapBaseMinAddress
#     to set the Java Heap base and to place the Java Heap above 4GB virtual address.
# This output file may be truncated or incomplete.
#
#  Out of Memory Error (os_windows.cpp:3466), pid=15520, tid=3068
#
# JRE version:  (16.0.1+9) (build )
# Java VM: Java HotSpot(TM) 64-Bit Server VM (16.0.1+9-24, mixed mode, sharing, tiered, compressed oops, compressed class ptrs, g1 gc, windows-amd64)
# No core dump will be written. Minidumps are not enabled by default on client versions of Windows
#

---------------  S U M M A R Y ------------

Command Line: -javaagent:C:\Program Files\JetBrains\IntelliJ IDEA Community Edition 2021.1.2\lib\idea_rt.jar=61640:C:\Program Files\JetBrains\IntelliJ IDEA Community Edition 2021.1.2\bin -Dfile.encoding=UTF-8 Calculator

Host: Intel(R) Core(TM) i5-8250U CPU @ 1.60GHz, 8 cores, 7G,  Windows 10 , 64 bit Build 19041 (10.0.19041.1202)
Time: Tue Oct 26 16:17:58 2021 Central America Standard Time elapsed time: 0.018057 seconds (0d 0h 0m 0s)

---------------  T H R E A D  ---------------

Current thread (0x000002392ebdbb70):  JavaThread "Unknown thread" [_thread_in_vm, id=3068, stack(0x000000a9c8700000,0x000000a9c8800000)]

Stack: [0x000000a9c8700000,0x000000a9c8800000]
Native frames: (J=compiled Java code, j=interpreted, Vv=VM code, C=native code)
V  [jvm.dll+0x6687ca]
V  [jvm.dll+0x7ca3c9]
V  [jvm.dll+0x7cbb53]
V  [jvm.dll+0x7cc1b3]
V  [jvm.dll+0x242ea5]
V  [jvm.dll+0x665589]
V  [jvm.dll+0x65a175]
V  [jvm.dll+0x2fc5ab]
V  [jvm.dll+0x3037a6]
V  [jvm.dll+0x352fee]
V  [jvm.dll+0x35321f]
V  [jvm.dll+0x2d3618]
V  [jvm.dll+0x2d4854]
V  [jvm.dll+0x79ccb1]
V  [jvm.dll+0x360de1]
V  [jvm.dll+0x77a990]
V  [jvm.dll+0x3e55af]
V  [jvm.dll+0x3e7081]
C  [jli.dll+0x52fb]
C  [ucrtbase.dll+0x21bb2]
C  [KERNEL32.DLL+0x17034]
C  [ntdll.dll+0x52651]


---------------  P R O C E S S  ---------------

Threads class SMR info:
_java_thread_list=0x00007ff86e77cbb8, length=0, elements={
}

Java Threads: ( => current thread )

Other Threads:
  0x000002392ec1c490 GCTaskThread "GC Thread#0" [stack: 0x000000a9c8800000,0x000000a9c8900000] [id=684]
  0x000002392ec2d110 ConcurrentGCThread "G1 Main Marker" [stack: 0x000000a9c8900000,0x000000a9c8a00000] [id=15340]
  0x000002392ec2db80 ConcurrentGCThread "G1 Conc#0" [stack: 0x000000a9c8a00000,0x000000a9c8b00000] [id=9820]

[error occurred during error reporting (printing all threads), id 0xc0000005, EXCEPTION_ACCESS_VIOLATION (0xc0000005) at pc=0x00007ff86df544d7]

VM state: not at safepoint (not fully initialized)

VM Mutex/Monitor currently owned by a thread:  ([mutex/lock_event])
[0x000002392ebd7ca0] Heap_lock - owner thread: 0x000002392ebdbb70

Heap address: 0x0000000081e00000, size: 2018 MB, Compressed Oops mode: 32-bit

CDS archive(s) mapped at: [0x0000000000000000-0x0000000000000000-0x0000000000000000), size 0, SharedBaseAddress: 0x0000000800000000, ArchiveRelocationMode: 0.
Narrow klass base: 0x0000000000000000, Narrow klass shift: 0, Narrow klass range: 0x0

GC Precious Log:
<Empty>

Heap:
 garbage-first heap   total 0K, used 0K [0x0000000081e00000, 0x0000000100000000)
  region size 1024K, 0 young (0K), 0 survivors (0K)

[error occurred during error reporting (printing heap information), id 0xc0000005, EXCEPTION_ACCESS_VIOLATION (0xc0000005) at pc=0x00007ff86e3324ed]

GC Heap History (0 events):
No events

Deoptimization events (0 events):
No events

Classes unloaded (0 events):
No events

Classes redefined (0 events):
No events

Internal exceptions (0 events):
No events

Events (1 events):
Event: 0.009 Loaded shared library C:\Program Files\Java\jdk-16.0.1\bin\java.dll


Dynamic libraries:
0x00007ff6c7850000 - 0x00007ff6c7860000 	C:\Program Files\Java\jdk-16.0.1\bin\java.exe
0x00007ff8b4110000 - 0x00007ff8b4305000 	C:\WINDOWS\SYSTEM32\ntdll.dll
0x00007ff8b2320000 - 0x00007ff8b23de000 	C:\WINDOWS\System32\KERNEL32.DLL
0x00007ff8b1cb0000 - 0x00007ff8b1f79000 	C:\WINDOWS\System32\KERNELBASE.dll
0x00007ff8b1f80000 - 0x00007ff8b2080000 	C:\WINDOWS\System32\ucrtbase.dll
0x00007ff8ac630000 - 0x00007ff8ac648000 	C:\Program Files\Java\jdk-16.0.1\bin\jli.dll
0x00007ff8ac160000 - 0x00007ff8ac179000 	C:\Program Files\Java\jdk-16.0.1\bin\VCRUNTIME140.dll
0x00007ff8b25a0000 - 0x00007ff8b264c000 	C:\WINDOWS\System32\ADVAPI32.dll
0x00007ff8b33f0000 - 0x00007ff8b348e000 	C:\WINDOWS\System32\msvcrt.dll
0x00007ff8b3520000 - 0x00007ff8b35bb000 	C:\WINDOWS\System32\sechost.dll
0x00007ff8b3f20000 - 0x00007ff8b404a000 	C:\WINDOWS\System32\RPCRT4.dll
0x00007ff8b2ae0000 - 0x00007ff8b2c81000 	C:\WINDOWS\System32\USER32.dll
0x00007ff89c130000 - 0x00007ff89c3ca000 	C:\WINDOWS\WinSxS\amd64_microsoft.windows.common-controls_6595b64144ccf1df_6.0.19041.1110_none_60b5254171f9507e\COMCTL32.dll
0x00007ff8b20d0000 - 0x00007ff8b20f2000 	C:\WINDOWS\System32\win32u.dll
0x00007ff8b3640000 - 0x00007ff8b366b000 	C:\WINDOWS\System32\GDI32.dll
0x00007ff8b18d0000 - 0x00007ff8b19db000 	C:\WINDOWS\System32\gdi32full.dll
0x00007ff8b1830000 - 0x00007ff8b18cd000 	C:\WINDOWS\System32\msvcp_win.dll
0x00007ff8a54b0000 - 0x00007ff8a54ba000 	C:\WINDOWS\SYSTEM32\VERSION.dll
0x00007ff8b34f0000 - 0x00007ff8b3520000 	C:\WINDOWS\System32\IMM32.DLL
0x00007ff8ac970000 - 0x00007ff8ac97c000 	C:\Program Files\Java\jdk-16.0.1\bin\vcruntime140_1.dll
0x00007ff889620000 - 0x00007ff8896b1000 	C:\Program Files\Java\jdk-16.0.1\bin\msvcp140.dll
0x00007ff86dc70000 - 0x00007ff86e81b000 	C:\Program Files\Java\jdk-16.0.1\bin\server\jvm.dll
0x00007ff8b35c0000 - 0x00007ff8b35c8000 	C:\WINDOWS\System32\PSAPI.DLL
0x00007ff89a020000 - 0x00007ff89a047000 	C:\WINDOWS\SYSTEM32\WINMM.dll
0x00007ff893a50000 - 0x00007ff893a59000 	C:\WINDOWS\SYSTEM32\WSOCK32.dll
0x00007ff8b35d0000 - 0x00007ff8b363b000 	C:\WINDOWS\System32\WS2_32.dll
0x00007ff8af710000 - 0x00007ff8af722000 	C:\WINDOWS\SYSTEM32\kernel.appcore.dll
0x00007ff8ac150000 - 0x00007ff8ac15a000 	C:\Program Files\Java\jdk-16.0.1\bin\jimage.dll
0x00007ff8941f0000 - 0x00007ff8943d4000 	C:\WINDOWS\SYSTEM32\DBGHELP.DLL
0x00007ff8902d0000 - 0x00007ff8902fc000 	C:\WINDOWS\SYSTEM32\dbgcore.DLL
0x00007ff8b19e0000 - 0x00007ff8b1a63000 	C:\WINDOWS\System32\bcryptPrimitives.dll
0x00007ff8a9190000 - 0x00007ff8a919e000 	C:\Program Files\Java\jdk-16.0.1\bin\instrument.dll
0x00007ff8a90f0000 - 0x00007ff8a9115000 	C:\Program Files\Java\jdk-16.0.1\bin\java.dll

dbghelp: loaded successfully - version: 4.0.5 - missing functions: none
symbol engine: initialized successfully - sym options: 0x614 - pdb path: .;C:\Program Files\Java\jdk-16.0.1\bin;C:\WINDOWS\SYSTEM32;C:\WINDOWS\WinSxS\amd64_microsoft.windows.common-controls_6595b64144ccf1df_6.0.19041.1110_none_60b5254171f9507e;C:\Program Files\Java\jdk-16.0.1\bin\server

VM Arguments:
jvm_args: -javaagent:C:\Program Files\JetBrains\IntelliJ IDEA Community Edition 2021.1.2\lib\idea_rt.jar=61640:C:\Program Files\JetBrains\IntelliJ IDEA Community Edition 2021.1.2\bin -Dfile.encoding=UTF-8 
java_command: Calculator
java_class_path (initial): C:\Users\andyu\Dropbox\TEC\PROGRAMACION\Proyecto 2 - BST Calculator\Proyecto-2---BST-Calculator\out\production\Proyecto 2 - BST Calculator
Launcher Type: SUN_STANDARD

[Global flags]
     intx CICompilerCount                          = 4                                         {product} {ergonomic}
     uint ConcGCThreads                            = 2                                         {product} {ergonomic}
     uint G1ConcRefinementThreads                  = 8                                         {product} {ergonomic}
   size_t G1HeapRegionSize                         = 1048576                                   {product} {ergonomic}
    uintx GCDrainStackTargetSize                   = 64                                        {product} {ergonomic}
   size_t InitialHeapSize                          = 134217728                                 {product} {ergonomic}
   size_t MarkStackSize                            = 4194304                                   {product} {ergonomic}
   size_t MaxHeapSize                              = 2116026368                                {product} {ergonomic}
   size_t MinHeapDeltaBytes                        = 1048576                                   {product} {ergonomic}
   size_t MinHeapSize                              = 8388608                                   {product} {ergonomic}
    uintx NonNMethodCodeHeapSize                   = 5839372                                {pd product} {ergonomic}
    uintx NonProfiledCodeHeapSize                  = 122909434                              {pd product} {ergonomic}
    uintx ProfiledCodeHeapSize                     = 122909434                              {pd product} {ergonomic}
    uintx ReservedCodeCacheSize                    = 251658240                              {pd product} {ergonomic}
     bool SegmentedCodeCache                       = true                                      {product} {ergonomic}
   size_t SoftMaxHeapSize                          = 2116026368                             {manageable} {ergonomic}
     bool UseCompressedClassPointers               = true                           {product lp64_product} {ergonomic}
     bool UseCompressedOops                        = true                           {product lp64_product} {ergonomic}
     bool UseG1GC                                  = true                                      {product} {ergonomic}
     bool UseLargePagesIndividualAllocation        = false                                  {pd product} {ergonomic}

Logging:
Log output configuration:
 #0: stdout all=warning uptime,level,tags
 #1: stderr all=off uptime,level,tags

Environment Variables:
PATH=C:\Users\andyu\AppData\Local\Programs\Python\Python39\Scripts\;C:\Users\andyu\AppData\Local\Programs\Python\Python39\;C:\Program Files (x86)\VMware\VMware Player\bin\;C:\Program Files\Common Files\Oracle\Java\javapath;C:\Program Files (x86)\Common Files\Intel\Shared Libraries\redist\intel64\compiler;C:\Program Files (x86)\Common Files\Oracle\Java\javapath;C:\Program Files (x86)\Intel\iCLS Client\;C:\Program Files\Intel\iCLS Client\;C:\Windows\system32;C:\Windows;C:\Windows\System32\Wbem;C:\Windows\System32\WindowsPowerShell\v1.0\;C:\Program Files (x86)\Intel\Intel(R) Management Engine Components\DAL;C:\Program Files\Intel\Intel(R) Management Engine Components\DAL;C:\Program Files (x86)\Intel\Intel(R) Management Engine Components\IPT;C:\Program Files\Intel\Intel(R) Management Engine Components\IPT;C:\WINDOWS\system32;C:\WINDOWS;C:\WINDOWS\System32\Wbem;C:\WINDOWS\System32\WindowsPowerShell\v1.0\;C:\WINDOWS\System32\OpenSSH\;C:\Program Files (x86)\NVIDIA Corporation\PhysX\Common;C:\Program Files (x86)\Windows Live\Shared;C:\Program Files\NVIDIA Corporation\NVIDIA NvDLISR;C:\Program Files\Intel\WiFi\bin\;C:\Program Files\Common Files\Intel\WirelessCommon\C:\Users\andyu\AppData\Local\Programs\Python\Python37-32;C:\WINDOWS\system32;C:\WINDOWS;C:\WINDOWS\System32\Wbem;C:\WINDOWS\System32\WindowsPowerShell\v1.0\;C:\WINDOWS\System32\OpenSSH\;C:\Program Files (x86)\dotnet\;C:\Program Files\dotnet\;C:\Program Files\Git\cmd;C:\Program Files\nodejs\;C:\ProgramData\chocolatey\bin;C:\Users\andyu\AppData\Local\Microsoft\WindowsApps;C:\Program Files\Intel\WiFi\bin\;C:\Program Files\Common Files\Intel\WirelessCommon\;C:\Users\andyu\AppData\Local\Programs\Microsoft VS Code\bin;C:\Users\andyu\AppData\Local\GitHubDesktop\bin;C:\Users\andyu\AppData\Roaming\npm
USERNAME=andyu
OS=Windows_NT
PROCESSOR_IDENTIFIER=Intel64 Family 6 Model 142 Stepping 10, GenuineIntel



---------------  S Y S T E M  ---------------

OS:
 Windows 10 , 64 bit Build 19041 (10.0.19041.1202)
OS uptime: 0 days 1:05 hours

CPU: total 8 (initial active 8) (4 cores per cpu, 2 threads per core) family 6 model 142 stepping 10 microcode 0xb4, cx8, cmov, fxsr, ht, mmx, 3dnowpref, sse, sse2, sse3, ssse3, sse4.1, sse4.2, popcnt, lzcnt, tsc, tscinvbit, avx, avx2, aes, erms, clmul, bmi1, bmi2, adx, fma, vzeroupper, clflush, clflushopt

Memory: 4k page, system-wide physical 8069M (960M free)
TotalPageFile size 8069M (AvailPageFile size 97M)
current process WorkingSet (physical memory assigned to process): 10M, peak: 10M
current process commit charge ("private bytes"): 60M, peak: 188M

vm_info: Java HotSpot(TM) 64-Bit Server VM (16.0.1+9-24) for windows-amd64 JRE (16.0.1+9-24), built on Mar 26 2021 19:31:42 by "mach5one" with MS VC++ 16.7 (VS2019)

END.
